This is pdfTeX, Version 3.1415926-2.5-1.40.14 (MiKTeX 2.9) (preloaded format=prv_circ 2015.9.10)  10 SEP 2015 17:04
entering extended mode
**&prv_circ _region_.tex
(c:\Users\Nasser\.emacs.d\elpa\auctex-11.88.8\_region_.tex
LaTeX2e <2011/06/27>
Babel <v3.8m> and hyphenation patterns for english, afrikaans, ancientgreek, ar
abic, armenian, assamese, basque, bengali, bokmal, bulgarian, catalan, coptic, 
croatian, czech, danish, dutch, esperanto, estonian, farsi, finnish, french, ga
lician, german, german-x-2013-05-26, greek, gujarati, hindi, hungarian, iceland
ic, indonesian, interlingua, irish, italian, kannada, kurmanji, latin, latvian,
 lithuanian, malayalam, marathi, mongolian, mongolianlmc, monogreek, ngerman, n
german-x-2013-05-26, nynorsk, oriya, panjabi, pinyin, polish, portuguese, roman
ian, russian, sanskrit, serbian, slovak, slovenian, spanish, swedish, swissgerm
an, tamil, telugu, turkish, turkmen, ukenglish, ukrainian, uppersorbian, usengl
ishmax, welsh, loaded.
CUSTOMISED FORMAT. Preloaded files:
        .
 article.cls    2007/10/19 v1.4h Standard LaTeX document class
  size10.clo    2007/10/19 v1.4h Standard LaTeX file (size option)
   babel.sty    2008/07/08 v3.8m The Babel package
 bblopts.cfg    2006/07/31 v1.0 MiKTeX 'babel' configuration
 germanb.ldf    2008/06/01 v2.6m German support from the babel system
 fontenc.sty
   t1enc.def    2005/09/27 v1.99g Standard LaTeX file
inputenc.sty    2008/03/30 v1.1d Input encoding file
  latin1.def    2008/03/30 v1.1d Input encoding file
 preview.sty    2010/02/14 11.88 (AUCTeX/preview-latex)
prtightpage.def
prauctex.def
prauctex.cfg
prshowlabels.def
  t1cmtt.fd    1999/05/25 v2.5h Standard LaTeX font definitions
  t1cmss.fd    1999/05/25 v2.5h Standard LaTeX font definitions
        .
No file _region_.aux.
LaTeX Font Info:    Checking defaults for OML/cmm/m/it on input line 37.
LaTeX Font Info:    ... okay on input line 37.
LaTeX Font Info:    Checking defaults for T1/cmr/m/n on input line 37.
LaTeX Font Info:    ... okay on input line 37.
LaTeX Font Info:    Checking defaults for OT1/cmr/m/n on input line 37.
LaTeX Font Info:    ... okay on input line 37.
LaTeX Font Info:    Checking defaults for OMS/cmsy/m/n on input line 37.
LaTeX Font Info:    ... okay on input line 37.
LaTeX Font Info:    Checking defaults for OMX/cmex/m/n on input line 37.
LaTeX Font Info:    ... okay on input line 37.
LaTeX Font Info:    Checking defaults for U/cmr/m/n on input line 37.
LaTeX Font Info:    ... okay on input line 37.
Preview: Fontsize 10pt
Preview: PDFoutput 1
 !name(circ.tex) !offset(-3) 
LaTeX Font Info:    External font `cmex10' loaded for size
(Font)              <12> on input line 43.
LaTeX Font Info:    External font `cmex10' loaded for size
(Font)              <8> on input line 43.
LaTeX Font Info:    External font `cmex10' loaded for size
(Font)              <6> on input line 43.

! Preview: Snippet 1 started.
<-><->
      
l.45 \begin{abstract}
                     
Not a real error.

Preview: Tightpage -32891 -32891 32891 32891
! Preview: Snippet 1 ended.(651269+183455x14483456).
<-><->
      
l.45 \begin{abstract}
                     
Not a real error.

[1{C:/Users/Nasser/AppData/Local/MiKTeX/2.9/pdftex/config/pdftex.map}]
! Preview: Snippet 2 started.
<-><->
      
l.52 \section
             {Einführung}
Not a real error.

! Preview: Snippet 2 ended.(651269+183455x14483456).
<-><->
      
l.52 \section{Einführung}
                         
Not a real error.

[2

]
! Preview: Snippet 3 started.
<-><->
      
l.56 \item Sie lassen sich als Funktion $
                                         y = f(x)$ darstellen.
Not a real error.

! Preview: Snippet 3 ended.(491520+163840x2494310).
<-><->
      
l.56 \item Sie lassen sich als Funktion $y = f(x)$
                                                   darstellen.
Not a real error.

[3]
! Preview: Snippet 4 started.
<-><->
      
l.57 \item $
            y$ ist im betrachteten Bereich monoton, das heißt, entweder
Not a real error.

! Preview: Snippet 4 ended.(282168+127431x344824).
<-><->
      
l.57 \item $y$
               ist im betrachteten Bereich monoton, das heißt, entweder
Not a real error.

[4]
! Preview: Snippet 5 started.
<-><->
      
l.59 \item Wenn $
                 x$ sich um $1$ ändert, so ändert sich $y$ betragsmäßig
Not a real error.

! Preview: Snippet 5 ended.(282168+0x374556).
<-><->
      
l.59 \item Wenn $x$
                    sich um $1$ ändert, so ändert sich $y$ betragsmäßig
Not a real error.

[5]
! Preview: Snippet 6 started.
<-><->
      
l.59 \item Wenn $x$ sich um $
                             1$ ändert, so ändert sich $y$ betragsmäßig
Not a real error.

! Preview: Snippet 6 ended.(422343+0x327681).
<-><->
      
l.59 \item Wenn $x$ sich um $1$
                                ändert, so ändert sich $y$ betragsmäßig
Not a real error.

[6]
! Preview: Snippet 7 started.
<-><->
      
l.59 ...n $x$ sich um $1$ ändert, so ändert sich $
                                                  y$ betragsmäßig
Not a real error.

! Preview: Snippet 7 ended.(282168+127431x344824).
<-><->
      
l.59 ...$x$ sich um $1$ ändert, so ändert sich $y$
                                                   betragsmäßig
Not a real error.

[7]
! Preview: Snippet 8 started.
<-><->
      
l.60   höchstens um $
                     1$
Not a real error.

! Preview: Snippet 8 ended.(422343+0x327681).
<-><->
      
l.60   höchstens um $1$
                       
Not a real error.

[8]
! Preview: Snippet 9 started.
<-><->
      
l.61   ($
         \left|\frac{\partial y}{\partial x}\right| \leq 1$).
Not a real error.

! Preview: Snippet 9 ended.(753670+425990x2400954).
<-><->
      
l.61 ...rac{\partial y}{\partial x}\right| \leq 1$
                                                  ).
Not a real error.

[9]
! Preview: Snippet 10 started.
<-><->
      
l.64 \section
             {Die gerade Linie}
Not a real error.

! Preview: Snippet 10 ended.(651269+183455x14483456).
<-><->
      
l.64 \section{Die gerade Linie}
                               
Not a real error.

[10

]
! Preview: Snippet 11 started.
<-><->
      
l.66 die durch den Punkt $
                          0 \choose 0$ geht. Alle anderen Linien lassen
Not a real error.

! Preview: Snippet 11 ended.(586443+229380x861985).
<-><->
      
l.66 die durch den Punkt $0 \choose 0$
                                       geht. Alle anderen Linien lassen
Not a real error.

[11]
! Preview: Snippet 12 started.
<-><->
      
l.67 sich durch Vertauschen von $
                                 x$ und~$y$ sowie Vorzeichenwechsel
Not a real error.

! Preview: Snippet 12 ended.(282168+0x374556).
<-><->
      
l.67 sich durch Vertauschen von $x$
                                    und~$y$ sowie Vorzeichenwechsel
Not a real error.

[12]
! Preview: Snippet 13 started.
<-><->
      
l.67 sich durch Vertauschen von $x$ und~$
                                         y$ sowie Vorzeichenwechsel
Not a real error.

! Preview: Snippet 13 ended.(282168+127431x344824).
<-><->
      
l.67 sich durch Vertauschen von $x$ und~$y$
                                            sowie Vorzeichenwechsel
Not a real error.

[13]
! Preview: Snippet 14 started.
<-><->
      
l.68 erzeugen.  Im ersten Oktanten gilt $
                                         x \geq y \geq 0$. Zum Zeichnen
Not a real error.

! Preview: Snippet 14 ended.(422343+127431x2794673).
<-><->
      
l.68 ... Im ersten Oktanten gilt $x \geq y \geq 0$
                                                  . Zum Zeichnen
Not a real error.

[14]
! Preview: Snippet 15 started.
<-><->
      
l.69 einer Linie genügt es also, $
                                  x$ durchlaufen zu lassen und für $y$ die
Not a real error.

! Preview: Snippet 15 ended.(282168+0x374556).
<-><->
      
l.69 einer Linie genügt es also, $x$
                                     durchlaufen zu lassen und für $y$ die
Not a real error.

[15]
! Preview: Snippet 16 started.
<-><->
      
l.69 ... also, $x$ durchlaufen zu lassen und für $
                                                  y$ die
Not a real error.

! Preview: Snippet 16 ended.(282168+127431x344824).
<-><->
      
l.69 ...lso, $x$ durchlaufen zu lassen und für $y$
                                                   die
Not a real error.

[16]
! Preview: Snippet 17 started.
<-><->
      
l.72 Die Gleichung einer Geraden durch $
                                        \Delta x \choose \Delta y$ lautet:
Not a real error.

! Preview: Snippet 17 ended.(604284+315196x1328475).
<-><->
      
l.72 ... Geraden durch $\Delta x \choose \Delta y$
                                                   lautet:
Not a real error.

[17]
! Preview: Snippet 18 started.
<-><->
      
l.73 \begin{equation}
                     
Not a real error.

! Preview: Snippet 18 ended.(1340729+232964x15661007).
<-><->
      
l.76 \end{equation}
                   
Not a real error.

[18

]
! Preview: Snippet 19 started.
<-><->
      
l.78 Nun stellen wir $
                      y$ als Summe eines ganzzahligen Wertes $e$ und eines
Not a real error.

! Preview: Snippet 19 ended.(282168+127431x344824).
<-><->
      
l.78 Nun stellen wir $y$
                         als Summe eines ganzzahligen Wertes $e$ und eines
Not a real error.

[19]
! Preview: Snippet 20 started.
<-><->
      
l.78 ... $y$ als Summe eines ganzzahligen Wertes $
                                                  e$ und eines
Not a real error.

! Preview: Snippet 20 ended.(282168+0x305153).
<-><->
      
l.78 ...y$ als Summe eines ganzzahligen Wertes $e$
                                                   und eines
Not a real error.

[20]
! Preview: Snippet 21 started.
<-><->
      
l.79 gebrochenen Wertes $
                         f$ dar, für den gilt: $-0.5 \leq f < 0.5$.  Somit
Not a real error.

! Preview: Snippet 21 ended.(455111+127431x391398).
<-><->
      
l.79 gebrochenen Wertes $f$
                            dar, für den gilt: $-0.5 \leq f < 0.5$.  Somit
Not a real error.

[21]
! Preview: Snippet 22 started.
<-><->
      
l.79 gebrochenen Wertes $f$ dar, für den gilt: $
                                                -0.5 \leq f < 0.5$.  Somit
Not a real error.

! Preview: Snippet 22 ended.(455111+127431x4323550).
<-><->
      
l.79 ...$f$ dar, für den gilt: $-0.5 \leq f < 0.5$
                                                  .  Somit
Not a real error.

[22]
! Preview: Snippet 23 started.
<-><->
      
l.80 stellt dann $
                  e$ den gewünschten, auf die nächste ganze Zahl gerundeten
Not a real error.

! Preview: Snippet 23 ended.(282168+0x305153).
<-><->
      
l.80 stellt dann $e$
                     den gewünschten, auf die nächste ganze Zahl gerundeten
Not a real error.

[23]
! Preview: Snippet 24 started.
<-><->
      
l.81 $
      y$-Wert dar. Jetzt formen wir (\ref{lgi}) um:
Not a real error.

! Preview: Snippet 24 ended.(282168+127431x344824).
<-><->
      
l.81 $y$
        -Wert dar. Jetzt formen wir (\ref{lgi}) um:
Not a real error.

[24]

LaTeX Warning: Reference `lgi' on page 2 undefined on input line 81.

! Preview: Snippet 25 started.
<-><->
      
l.82 \begin{eqnarray}
                     
Not a real error.

! Preview: Snippet 25 ended.(4020438+232964x15939467).
<-><->
      
l.87 \end{eqnarray}
                   
Not a real error.

[25

]

LaTeX Warning: Reference `lgii' on page 2 undefined on input line 89.

! Preview: Snippet 26 started.
<-><->
      
l.89 ...in (\ref{lgii}) bezeichnen wir jetzt mit $
                                                  d$.  Für
Not a real error.

! Preview: Snippet 26 ended.(455111+0x341106).
<-><->
      
l.89 ... (\ref{lgii}) bezeichnen wir jetzt mit $d$
                                                  .  Für
Not a real error.

[26]
! Preview: Snippet 27 started.
<-><->
      
l.90 positive gerade Werte von $
                                \Delta x$ ist offensichtlich $d < 0$ eine
Not a real error.

! Preview: Snippet 27 ended.(447828+0x920691).
<-><->
      
l.90 positive gerade Werte von $\Delta x$
                                          ist offensichtlich $d < 0$ eine
Not a real error.

[27]
! Preview: Snippet 28 started.
<-><->
      
l.90 ... Werte von $\Delta x$ ist offensichtlich $
                                                  d < 0$ eine
Not a real error.

! Preview: Snippet 28 ended.(455111+25623x1542593).
<-><->
      
l.90 ... von $\Delta x$ ist offensichtlich $d < 0$
                                                   eine
Not a real error.

[28]
! Preview: Snippet 29 started.
<-><->
      
l.91 zu~$
         f < 0.5$ equivalente Bedingung.
Not a real error.

! Preview: Snippet 29 ended.(455111+127431x2102611).
<-><->
      
l.91 zu~$f < 0.5$
                  equivalente Bedingung.
Not a real error.

[29]
! Preview: Snippet 30 started.
<-><->
      
l.93 Für ungerade Werte von~$
                             \Delta x$ ist $f < 0.5$ equivalent zu
Not a real error.

! Preview: Snippet 30 ended.(447828+0x920691).
<-><->
      
l.93 Für ungerade Werte von~$\Delta x$
                                       ist $f < 0.5$ equivalent zu
Not a real error.

[30]
! Preview: Snippet 31 started.
<-><->
      
l.93 Für ungerade Werte von~$\Delta x$ ist $
                                            f < 0.5$ equivalent zu
Not a real error.

! Preview: Snippet 31 ended.(455111+127431x2102611).
<-><->
      
l.93 ...ngerade Werte von~$\Delta x$ ist $f < 0.5$
                                                   equivalent zu
Not a real error.

[31]
! Preview: Snippet 32 started.
<-><->
      
l.94 $
      d + 0.5 < 0$.
Not a real error.

! Preview: Snippet 32 ended.(455111+54613x3180990).
<-><->
      
l.94 $d + 0.5 < 0$
                  .
Not a real error.

[32]
! Preview: Snippet 33 started.
<-><->
      
l.95 Da $
         d$ stets eine ganze Zahl ist, ist dies wieder zu $d < 0$
Not a real error.

! Preview: Snippet 33 ended.(455111+0x341106).
<-><->
      
l.95 Da $d$
            stets eine ganze Zahl ist, ist dies wieder zu $d < 0$
Not a real error.

[33]
! Preview: Snippet 34 started.
<-><->
      
l.95 ... eine ganze Zahl ist, ist dies wieder zu $
                                                  d < 0$
Not a real error.

! Preview: Snippet 34 ended.(455111+25623x1542593).
<-><->
      
l.95 ...ganze Zahl ist, ist dies wieder zu $d < 0$
                                                  
Not a real error.

[34]
! Preview: Snippet 35 started.
<-><->
      
l.103 Wird nun $
                \ifPreview\special{ps: junk}\fi f \geq 0.5$, wie sich durch
Not a real error.

! Preview: Snippet 35 ended.(455111+127431x2102611).
<-><->
      
l.103 ...fPreview\special{ps: junk}\fi f \geq 0.5$
                                                  , wie sich durch
Not a real error.

[35
Non-PDF special ignored!]
! Preview: Snippet 36 started.
<-><->
      
l.104 den Vergleich $
                     d \stackrel{?}{<} 0$ feststellen läßt, so muß man
Not a real error.

! Preview: Snippet 36 ended.(868487+25623x1542593).
<-><->
      
l.104 den Vergleich $d \stackrel{?}{<} 0$
                                          feststellen läßt, so muß man
Not a real error.

[36]
! Preview: Snippet 37 started.
<-><->
      
l.105 korrigieren, indem man $
                              f$ um~1 erniedrigt und $e$ um~$1$ erhöht.
Not a real error.

! Preview: Snippet 37 ended.(455111+127431x391398).
<-><->
      
l.105 korrigieren, indem man $f$
                                 um~1 erniedrigt und $e$ um~$1$ erhöht.
Not a real error.

[37]
! Preview: Snippet 38 started.
<-><->
      
l.105 ...eren, indem man $f$ um~1 erniedrigt und $
                                                  e$ um~$1$ erhöht.
Not a real error.

! Preview: Snippet 38 ended.(282168+0x305153).
<-><->
      
l.105 ...en, indem man $f$ um~1 erniedrigt und $e$
                                                   um~$1$ erhöht.
Not a real error.

[38]
! Preview: Snippet 39 started.
<-><->
      
l.105 ...ndem man $f$ um~1 erniedrigt und $e$ um~$
                                                  1$ erhöht.
Not a real error.

! Preview: Snippet 39 ended.(422343+0x327681).
<-><->
      
l.105 ...em man $f$ um~1 erniedrigt und $e$ um~$1$
                                                   erhöht.
Not a real error.

[39]
! Preview: Snippet 40 started.
<-><->
      
l.110 $
       \ifPreview\special{ps: quit}\fi d$ muß dann auch entsprechend
Not a real error.

! Preview: Snippet 40 ended.(455111+0x341106).
<-><->
      
l.110 $\ifPreview\special{ps: quit}\fi d$
                                          muß dann auch entsprechend
Not a real error.

[40
Non-PDF special ignored!]
! Preview: Snippet 41 started.
<-><->
      
l.114 Einflüsse von $
                     x$ und $e$ auf $d$ der in Tabelle~\ref{linalg}
Not a real error.

! Preview: Snippet 41 ended.(282168+0x374556).
<-><->
      
l.114 Einflüsse von $x$
                        und $e$ auf $d$ der in Tabelle~\ref{linalg}
Not a real error.

[41]
! Preview: Snippet 42 started.
<-><->
      
l.114 Einflüsse von $x$ und $
                             e$ auf $d$ der in Tabelle~\ref{linalg}
Not a real error.

! Preview: Snippet 42 ended.(282168+0x305153).
<-><->
      
l.114 Einflüsse von $x$ und $e$
                                auf $d$ der in Tabelle~\ref{linalg}
Not a real error.

[42]
! Preview: Snippet 43 started.
<-><->
      
l.114 Einflüsse von $x$ und $e$ auf $
                                     d$ der in Tabelle~\ref{linalg}
Not a real error.

! Preview: Snippet 43 ended.(455111+0x341106).
<-><->
      
l.114 Einflüsse von $x$ und $e$ auf $d$
                                        der in Tabelle~\ref{linalg}
Not a real error.

[43]

LaTeX Warning: Reference `linalg' on page 2 undefined on input line 114.


LaTeX Warning: Reference `linc' on page 2 undefined on input line 116.


LaTeX Warning: Reference `linpict' on page 2 undefined on input line 118.

! Preview: Snippet 44 started.
<-><->
      
l.119 \begin{table}
                   
Not a real error.

! Preview: Snippet 44 ended.(4765618+3793642x16496387).
<-><->
      
l.137 \end{table}
                 
Not a real error.

[44


]
! Preview: Snippet 45 started.
<-><->
      
l.138 \begin{table}
                   
Not a real error.

! Preview: Snippet 45 ended.(15886676+15042100x15939467).
<-><->
      
l.187 \end{table}
                 
Not a real error.

[45


]
! Preview: Snippet 46 started.
<-><->
      
l.188 \begin{figure}
                    
Not a real error.

\x=\count92
\y=\count93
\d=\count94
\dx=\count95
\dy=\count96
! Preview: Snippet 46 ended.(14621882+232964x16774847).
<-><->
      
l.219 \end{figure}
                  
Not a real error.

[46


]
! Preview: Snippet 47 started.
<-><->
      
l.221 \section
              {Der Kreis}
Not a real error.

! Preview: Snippet 47 ended.(651269+0x14483456).
<-><->
      
l.221 \section{Der Kreis}
                         
Not a real error.

[47

]
! Preview: Snippet 48 started.
<-><->
      
l.223 ($
        y \geq x \geq 0$). Hier gelten die oben angegebenen Beziehungen.
Not a real error.

! Preview: Snippet 48 ended.(422343+127431x2794673).
<-><->
      
l.223 ($y \geq x \geq 0$
                        ). Hier gelten die oben angegebenen Beziehungen.
Not a real error.

[48]
! Preview: Snippet 49 started.
<-><->
      
l.228 \begin{equation}
                      
Not a real error.

! Preview: Snippet 49 ended.(859893+0x14483456).
<-><->
      
l.230 \end{equation}
                    
Not a real error.

[49]
! Preview: Snippet 50 started.
<-><->
      
l.232 Der Wert $
                y$ läßt sich darstellen als Summe einer ganzen Zahl $e$ und
Not a real error.

! Preview: Snippet 50 ended.(282168+127431x344824).
<-><->
      
l.232 Der Wert $y$
                   läßt sich darstellen als Summe einer ganzen Zahl $e$ und
Not a real error.

[50]
! Preview: Snippet 51 started.
<-><->
      
l.232 ... darstellen als Summe einer ganzen Zahl $
                                                  e$ und
Not a real error.

! Preview: Snippet 51 ended.(282168+0x305153).
<-><->
      
l.232 ...arstellen als Summe einer ganzen Zahl $e$
                                                   und
Not a real error.

[51]
! Preview: Snippet 52 started.
<-><->
      
l.233 einem Wert $
                  f$ mit $-0.5 \leq f < 0.5$. Der Wertebereich von $f$ ist
Not a real error.

! Preview: Snippet 52 ended.(455111+127431x391398).
<-><->
      
l.233 einem Wert $f$
                     mit $-0.5 \leq f < 0.5$. Der Wertebereich von $f$ ist
Not a real error.

[52]
! Preview: Snippet 53 started.
<-><->
      
l.233 einem Wert $f$ mit $
                          -0.5 \leq f < 0.5$. Der Wertebereich von $f$ ist
Not a real error.

! Preview: Snippet 53 ended.(455111+127431x4323550).
<-><->
      
l.233 einem Wert $f$ mit $-0.5 \leq f < 0.5$
                                            . Der Wertebereich von $f$ ist
Not a real error.

[53]
! Preview: Snippet 54 started.
<-><->
      
l.233 ...0.5 \leq f < 0.5$. Der Wertebereich von $
                                                  f$ ist
Not a real error.

! Preview: Snippet 54 ended.(455111+127431x391398).
<-><->
      
l.233 ...5 \leq f < 0.5$. Der Wertebereich von $f$
                                                   ist
Not a real error.

[54]
! Preview: Snippet 55 started.
<-><->
      
l.234 so gewählt worden, damit $
                                e$ einen auf ganze Zahlen gerundeten Wert
Not a real error.

! Preview: Snippet 55 ended.(282168+0x305153).
<-><->
      
l.234 so gewählt worden, damit $e$
                                   einen auf ganze Zahlen gerundeten Wert
Not a real error.

[55]
! Preview: Snippet 56 started.
<-><->
      
l.235 für $
           y$ darstellt.
Not a real error.

! Preview: Snippet 56 ended.(282168+127431x344824).
<-><->
      
l.235 für $y$
              darstellt.
Not a real error.

[56]
! Preview: Snippet 57 started.
<-><->
      
l.238 \begin{eqnarray}
                      
Not a real error.

! Preview: Snippet 57 ended.(1842933+232964x15661007).
<-><->
      
l.241 \end{eqnarray}
                    
Not a real error.

[57

]

LaTeX Warning: Reference `ggg' on page 2 undefined on input line 243.

! Preview: Snippet 58 started.
<-><->
      
l.243 Die Gleichung (\ref{ggg}) hat für $
                                         x+1$ folgende Form:
Not a real error.

! Preview: Snippet 58 ended.(422343+54613x1503227).
<-><->
      
l.243 Die Gleichung (\ref{ggg}) hat für $x+1$
                                              folgende Form:
Not a real error.

[58]
! Preview: Snippet 59 started.
<-><->
      
l.244 \begin{eqnarray}
                      
Not a real error.

! Preview: Snippet 59 ended.(730033+116484x15661007).
<-><->
      
l.246 \end{eqnarray}
                    
Not a real error.

[59

]

LaTeX Warning: Reference `ggg' on page 2 undefined on input line 248.


LaTeX Warning: Reference `hhh' on page 2 undefined on input line 248.

! Preview: Snippet 60 started.
<-><->
      
l.250 \begin{eqnarray*}
                       
Not a real error.

! Preview: Snippet 60 ended.(3602007+0x14483456).
<-><->
      
l.255 \end{eqnarray*}
                     
Not a real error.

[60]
! Preview: Snippet 61 started.
<-><->
      
l.257 Jetzt wird $
                  2ef + f^2$ mit $m$ getauft. Also:
Not a real error.

! Preview: Snippet 61 ended.(533465+127431x2510623).
<-><->
      
l.257 Jetzt wird $2ef + f^2$
                             mit $m$ getauft. Also:
Not a real error.

[61]
! Preview: Snippet 62 started.
<-><->
      
l.257 Jetzt wird $2ef + f^2$ mit $
                                  m$ getauft. Also:
Not a real error.

! Preview: Snippet 62 ended.(282168+0x575415).
<-><->
      
l.257 Jetzt wird $2ef + f^2$ mit $m$
                                     getauft. Also:
Not a real error.

[62]
! Preview: Snippet 63 started.
<-><->
      
l.258 \begin{eqnarray*}
                       
Not a real error.

! Preview: Snippet 63 ended.(3529189+0x14483456).
<-><->
      
l.263 \end{eqnarray*}
                     
Not a real error.

[63]
! Preview: Snippet 64 started.
<-><->
      
l.266 Wie groß ist jetzt $
                          m$? Für $x=0$ ist es sicher $0$. Solange $e$
Not a real error.

! Preview: Snippet 64 ended.(282168+0x575415).
<-><->
      
l.266 Wie groß ist jetzt $m$
                            ? Für $x=0$ ist es sicher $0$. Solange $e$
Not a real error.

[64]
! Preview: Snippet 65 started.
<-><->
      
l.266 Wie groß ist jetzt $m$? Für $
                                   x=0$ ist es sicher $0$. Solange $e$
Not a real error.

! Preview: Snippet 65 ended.(422343+0x1576043).
<-><->
      
l.266 Wie groß ist jetzt $m$? Für $x=0$
                                        ist es sicher $0$. Solange $e$
Not a real error.

[65]
! Preview: Snippet 66 started.
<-><->
      
l.266 ... ist jetzt $m$? Für $x=0$ ist es sicher $
                                                  0$. Solange $e$
Not a real error.

! Preview: Snippet 66 ended.(422343+0x327681).
<-><->
      
l.266 ...st jetzt $m$? Für $x=0$ ist es sicher $0$
                                                  . Solange $e$
Not a real error.

[66]
! Preview: Snippet 67 started.
<-><->
      
l.266 ...$? Für $x=0$ ist es sicher $0$. Solange $
                                                  e$
Not a real error.

! Preview: Snippet 67 ended.(282168+0x305153).
<-><->
      
l.266 ... Für $x=0$ ist es sicher $0$. Solange $e$
                                                  
Not a real error.

[67]
! Preview: Snippet 68 started.
<-><->
      
l.267 konstant bleibt, schrumpft $
                                  f$ stetig. Fällt $f$ unter $-0.5$, so
Not a real error.

! Preview: Snippet 68 ended.(455111+127431x391398).
<-><->
      
l.267 konstant bleibt, schrumpft $f$
                                     stetig. Fällt $f$ unter $-0.5$, so
Not a real error.

[68]
! Preview: Snippet 69 started.
<-><->
      
l.267 ...ant bleibt, schrumpft $f$ stetig. Fällt $
                                                  f$ unter $-0.5$, so
Not a real error.

! Preview: Snippet 69 ended.(455111+127431x391398).
<-><->
      
l.267 ...t bleibt, schrumpft $f$ stetig. Fällt $f$
                                                   unter $-0.5$, so
Not a real error.

[69]
! Preview: Snippet 70 started.
<-><->
      
l.267 ..., schrumpft $f$ stetig. Fällt $f$ unter $
                                                  -0.5$, so
Not a real error.

! Preview: Snippet 70 ended.(422343+54613x1347133).
<-><->
      
l.267 ...rumpft $f$ stetig. Fällt $f$ unter $-0.5$
                                                  , so
Not a real error.

[70]
! Preview: Snippet 71 started.
<-><->
      
l.268 fällt $
             m$ (unter Vernachlässigung von $f^2$) unter $-e$.  Dies wird
Not a real error.

! Preview: Snippet 71 ended.(282168+0x575415).
<-><->
      
l.268 fällt $m$
                (unter Vernachlässigung von $f^2$) unter $-e$.  Dies wird
Not a real error.

[71]
! Preview: Snippet 72 started.
<-><->
      
l.268 fällt $m$ (unter Vernachlässigung von $
                                             f^2$) unter $-e$.  Dies wird
Not a real error.

! Preview: Snippet 72 ended.(533465+127431x685401).
<-><->
      
l.268 fällt $m$ (unter Vernachlässigung von $f^2$
                                                 ) unter $-e$.  Dies wird
Not a real error.

[72]
! Preview: Snippet 73 started.
<-><->
      
l.268 ...unter Vernachlässigung von $f^2$) unter $
                                                  -e$.  Dies wird
Not a real error.

! Preview: Snippet 73 ended.(382293+54613x814879).
<-><->
      
l.268 ...er Vernachlässigung von $f^2$) unter $-e$
                                                  .  Dies wird
Not a real error.

[73]
! Preview: Snippet 74 started.
<-><->
      
l.269 ...t als Kriterium für einen Unterlauf von $
                                                  f$ verwendet.  Tritt
Not a real error.

! Preview: Snippet 74 ended.(455111+127431x391398).
<-><->
      
l.269 ...als Kriterium für einen Unterlauf von $f$
                                                   verwendet.  Tritt
Not a real error.

[74]
! Preview: Snippet 75 started.
<-><->
      
l.270 dieser auf, so muß $
                          f$ um $1$ erhöht und $e$ um $1$ erniedrigt werden.
Not a real error.

! Preview: Snippet 75 ended.(455111+127431x391398).
<-><->
      
l.270 dieser auf, so muß $f$
                             um $1$ erhöht und $e$ um $1$ erniedrigt werden.
Not a real error.

[75]
! Preview: Snippet 76 started.
<-><->
      
l.270 dieser auf, so muß $f$ um $
                                 1$ erhöht und $e$ um $1$ erniedrigt werden.
Not a real error.

! Preview: Snippet 76 ended.(422343+0x327681).
<-><->
      
l.270 dieser auf, so muß $f$ um $1$
                                    erhöht und $e$ um $1$ erniedrigt werden.
Not a real error.

[76]
! Preview: Snippet 77 started.
<-><->
      
l.270 dieser auf, so muß $f$ um $1$ erhöht und $
                                                e$ um $1$ erniedrigt werden.
Not a real error.

! Preview: Snippet 77 ended.(282168+0x305153).
<-><->
      
l.270 dieser auf, so muß $f$ um $1$ erhöht und $e$
                                                   um $1$ erniedrigt werden.
Not a real error.

[77]
! Preview: Snippet 78 started.
<-><->
      
l.270 ...uf, so muß $f$ um $1$ erhöht und $e$ um $
                                                  1$ erniedrigt werden.
Not a real error.

! Preview: Snippet 78 ended.(422343+0x327681).
<-><->
      
l.270 ..., so muß $f$ um $1$ erhöht und $e$ um $1$
                                                   erniedrigt werden.
Not a real error.

[78]
! Preview: Snippet 79 started.
<-><->
      
l.272 ...ingung zu vereinfachen, setzt man jetzt $
                                                  q$ = $m+e$.
Not a real error.

! Preview: Snippet 79 ended.(282168+127431x316074).
<-><->
      
l.272 ...gung zu vereinfachen, setzt man jetzt $q$
                                                   = $m+e$.
Not a real error.

[79]
! Preview: Snippet 80 started.
<-><->
      
l.272 ... zu vereinfachen, setzt man jetzt $q$ = $
                                                  m+e$.
Not a real error.

! Preview: Snippet 80 ended.(382293+54613x1681558).
<-><->
      
l.272 ...vereinfachen, setzt man jetzt $q$ = $m+e$
                                                  .
Not a real error.

[80]

LaTeX Warning: Reference `alg' on page 2 undefined on input line 273.


LaTeX Warning: Reference `prog' on page 2 undefined on input line 274.

! Preview: Snippet 81 started.
<-><->
      
l.275 \begin{table}
                   
Not a real error.

! Preview: Snippet 81 ended.(5248012+4276036x15661007).
<-><->
      
l.293 \end{table}
                 
Not a real error.

[81


]
! Preview: Snippet 82 started.
<-><->
      
l.294 \begin{table}
                   
Not a real error.

! Preview: Snippet 82 ended.(13851388+12879412x15939467).
<-><->
      
l.337 \end{table}
                 
Not a real error.

[82


]
! Preview: Snippet 83 started.
<-><->
      
l.338 \begin{figure}
                    
Not a real error.

\x=\count97
\y=\count98
\q=\count99
! Preview: Snippet 83 ended.(14621882+116484x16217927).
<-><->
      
l.366 \end{figure}
                  
Not a real error.

[83


]
! Preview: Snippet 84 started.
<-><->
      
l.368 \section
              {Einfache Hyperbeln}
Not a real error.

! Preview: Snippet 84 ended.(651269+183455x14483456).
<-><->
      
l.368 \section{Einfache Hyperbeln}
                                  
Not a real error.

[84

]
! Preview: Snippet 85 started.
<-><->
      
l.370 $
       y = r^2\!/x$ genügen, und zwar im Bereich~$x \geq r$.
Not a real error.

! Preview: Snippet 85 ended.(533465+163840x2419522).
<-><->
      
l.370 $y = r^2\!/x$
                    genügen, und zwar im Bereich~$x \geq r$.
Not a real error.

[85]
! Preview: Snippet 86 started.
<-><->
      
l.370 $y = r^2\!/x$ genügen, und zwar im Bereich~$
                                                  x \geq r$.
Not a real error.

! Preview: Snippet 86 ended.(416790+89110x1562238).
<-><->
      
l.370 ...$ genügen, und zwar im Bereich~$x \geq r$
                                                  .
Not a real error.

[86]
! Preview: Snippet 87 started.
<-><->
      
l.372 Mit dem Ansatz $
                      y = e + f$ ergibt sich:
Not a real error.

! Preview: Snippet 87 ended.(455111+127431x2716171).
<-><->
      
l.372 Mit dem Ansatz $y = e + f$
                                 ergibt sich:
Not a real error.

[87]
! Preview: Snippet 88 started.
<-><->
      
l.373 \begin{eqnarray}
                      
Not a real error.

! Preview: Snippet 88 ended.(2696113+232964x15939467).
<-><->
      
l.377 \end{eqnarray}
                    
Not a real error.

[88

]
! Preview: Snippet 89 started.
<-><->
      
l.379 Für $
           x' = x+1$ hat nun (\ref{phyp}) die Form
Not a real error.

! Preview: Snippet 89 ended.(492688+54613x2935454).
<-><->
      
l.379 Für $x' = x+1$
                     hat nun (\ref{phyp}) die Form
Not a real error.

[89]

LaTeX Warning: Reference `phyp' on page 2 undefined on input line 379.

! Preview: Snippet 90 started.
<-><->
      
l.380 \begin{eqnarray*}
                       
Not a real error.

! Preview: Snippet 90 ended.(3602007+0x14483456).
<-><->
      
l.385 \end{eqnarray*}
                     
Not a real error.

[90]
! Preview: Snippet 91 started.
<-><->
      
l.386 Setzt man jetzt $
                       d = (2f + 1)x$, so ist $f < -0.5$ mit~$d < 0$
Not a real error.

! Preview: Snippet 91 ended.(491520+163840x3946944).
<-><->
      
l.386 Setzt man jetzt $d = (2f + 1)x$
                                     , so ist $f < -0.5$ mit~$d < 0$
Not a real error.

[91]
! Preview: Snippet 92 started.
<-><->
      
l.386 Setzt man jetzt $d = (2f + 1)x$, so ist $
                                               f < -0.5$ mit~$d < 0$
Not a real error.

! Preview: Snippet 92 ended.(455111+127431x2612337).
<-><->
      
l.386 ... jetzt $d = (2f + 1)x$, so ist $f < -0.5$
                                                   mit~$d < 0$
Not a real error.

[92]
! Preview: Snippet 93 started.
<-><->
      
l.386 ... $d = (2f + 1)x$, so ist $f < -0.5$ mit~$
                                                  d < 0$
Not a real error.

! Preview: Snippet 93 ended.(455111+25623x1542593).
<-><->
      
l.386 ...(2f + 1)x$, so ist $f < -0.5$ mit~$d < 0$
                                                  
Not a real error.

[93]
! Preview: Snippet 94 started.
<-><->
      
l.388 $
       e' = e$,
Not a real error.

! Preview: Snippet 94 ended.(492688+0x1667977).
<-><->
      
l.388 $e' = e$
              ,
Not a real error.

[94]
! Preview: Snippet 95 started.
<-><->
      
l.389 dann muß in bekannter Weise $
                                   f$ um~$1$ erhöht und $e$ um~$1$
Not a real error.

! Preview: Snippet 95 ended.(455111+127431x391398).
<-><->
      
l.389 dann muß in bekannter Weise $f$
                                      um~$1$ erhöht und $e$ um~$1$
Not a real error.

[95]
! Preview: Snippet 96 started.
<-><->
      
l.389 dann muß in bekannter Weise $f$ um~$
                                          1$ erhöht und $e$ um~$1$
Not a real error.

! Preview: Snippet 96 ended.(422343+0x327681).
<-><->
      
l.389 dann muß in bekannter Weise $f$ um~$1$
                                             erhöht und $e$ um~$1$
Not a real error.

[96]
! Preview: Snippet 97 started.
<-><->
      
l.389 ...n bekannter Weise $f$ um~$1$ erhöht und $
                                                  e$ um~$1$
Not a real error.

! Preview: Snippet 97 ended.(282168+0x305153).
<-><->
      
l.389 ...bekannter Weise $f$ um~$1$ erhöht und $e$
                                                   um~$1$
Not a real error.

[97]
! Preview: Snippet 98 started.
<-><->
      
l.389 ...nter Weise $f$ um~$1$ erhöht und $e$ um~$
                                                  1$
Not a real error.

! Preview: Snippet 98 ended.(422343+0x327681).
<-><->
      
l.389 ...er Weise $f$ um~$1$ erhöht und $e$ um~$1$
                                                  
Not a real error.

[98]
! Preview: Snippet 99 started.
<-><->
      
l.393 Für $
           d'$ ergeben sich dann die folgenden Werte:
Not a real error.

! Preview: Snippet 99 ended.(492688+0x524971).
<-><->
      
l.393 Für $d'$
               ergeben sich dann die folgenden Werte:
Not a real error.

[99]
! Preview: Snippet 100 started.
<-><->
      
l.394 \begin{eqnarray*}
                       
Not a real error.

! Preview: Snippet 100 ended.(3529189+0x14483456).
<-><->
      
l.399 \end{eqnarray*}
                     
Not a real error.

[100]

LaTeX Warning: Reference `halg' on page 3 undefined on input line 400.

! Preview: Snippet 101 started.
<-><->
      
l.402 \begin{table}
                   
Not a real error.

! Preview: Snippet 101 ended.(5231703+4259727x15939467).
<-><->
      
l.420 \end{table}
                 
Not a real error.

[101


]
! Preview: Snippet 102 started.
<-><->
      
l.421 \begin{table}
                   
Not a real error.

! Preview: Snippet 102 ended.(9526012+8554036x14483456).
<-><->
      
l.452 \end{table}
                 
Not a real error.

[102

]
! Preview: Snippet 103 started.
<-><->
      
l.453 \begin{figure}
                    
Not a real error.

\x=\count100
\y=\count101
\q=\count102
\r=\count103
! Preview: Snippet 103 ended.(14621882+116484x16496387).
<-><->
      
l.484 \end{figure}
                  
Not a real error.

[103


]

LaTeX Warning: There were undefined references.

 ) 
Here is how much of TeX's memory you used:
 79 strings out of 492858
 911 string characters out of 3131186
 87428 words of memory out of 3000000
 4439 multiletter control sequences out of 15000+200000
 15606 words of font info for 37 fonts, out of 3000000 for 9000
 841 hyphenation exceptions out of 8191
 22i,14n,22p,117b,394s stack positions out of 5000i,500n,10000p,200000b,50000s
 <C:\Users\Nasser\AppData\Local\MiKTeX\2.9\fonts\pk\ljfour\jknappen\ec\dpi600
\ectt0900.pk> <C:\Users\Nasser\AppData\Local\MiKTeX\2.9\fonts\pk\ljfour\jknappe
n\ec\dpi600\ectt0800.pk> <C:\Users\Nasser\AppData\Local\MiKTeX\2.9\fonts\pk\ljf
our\jknappen\ec\dpi600\ecrm1000.pk> <C:\Users\Nasser\AppData\Local\MiKTeX\2.9\f
onts\pk\ljfour\jknappen\ec\dpi600\ecbx1440.pk><C:/Program Files (x86)/MiKTeX 2.
9/fonts/type1/public/amsfonts/cm/cmex10.pfb><C:/Program Files (x86)/MiKTeX 2.9/
fonts/type1/public/amsfonts/cm/cmmi10.pfb><C:/Program Files (x86)/MiKTeX 2.9/fo
nts/type1/public/amsfonts/cm/cmmi7.pfb><C:/Program Files (x86)/MiKTeX 2.9/fonts
/type1/public/amsfonts/cm/cmr10.pfb><C:/Program Files (x86)/MiKTeX 2.9/fonts/ty
pe1/public/amsfonts/cm/cmr7.pfb><C:/Program Files (x86)/MiKTeX 2.9/fonts/type1/
public/amsfonts/cm/cmsy10.pfb><C:/Program Files (x86)/MiKTeX 2.9/fonts/type1/pu
blic/amsfonts/cm/cmsy7.pfb><C:/Program Files (x86)/MiKTeX 2.9/fonts/type1/publi
c/amsfonts/latxfont/lcircle1.pfb>
Output written on _region_.pdf (103 pages, 172779 bytes).
PDF statistics:
 533 PDF objects out of 1000 (max. 8388607)
 0 named destinations out of 1000 (max. 500000)
 1 words of extra memory for PDF output out of 10000 (max. 10000000)

