This is pdfTeX, Version 3.1415926-2.5-1.40.14 (MiKTeX 2.9) (preloaded format=pdflatex 2015.1.6)  10 SEP 2015 14:02
entering extended mode
**\input circ.tex
(c:\Users\Nasser\.emacs.d\elpa\auctex-11.88.8\circ.tex
("C:\Program Files (x86)\MiKTeX 2.9\tex\latex\base\article.cls"
Document Class: article 2007/10/19 v1.4h Standard LaTeX document class
("C:\Program Files (x86)\MiKTeX 2.9\tex\latex\base\size10.clo"
File: size10.clo 2007/10/19 v1.4h Standard LaTeX file (size option)
)
\c@part=\count79
\c@section=\count80
\c@subsection=\count81
\c@subsubsection=\count82
\c@paragraph=\count83
\c@subparagraph=\count84
\c@figure=\count85
\c@table=\count86
\abovecaptionskip=\skip41
\belowcaptionskip=\skip42
\bibindent=\dimen102
)
("C:\Program Files (x86)\MiKTeX 2.9\tex\generic\babel\babel.sty"
Package: babel 2008/07/08 v3.8m The Babel package

*************************************
* Local config file bblopts.cfg used
*
("C:\Program Files (x86)\MiKTeX 2.9\tex\latex\00miktex\bblopts.cfg"
File: bblopts.cfg 2006/07/31 v1.0 MiKTeX 'babel' configuration
)
("C:\Program Files (x86)\MiKTeX 2.9\tex\generic\babel\germanb.ldf"
Language: germanb 2008/06/01 v2.6m German support from the babel system

("C:\Program Files (x86)\MiKTeX 2.9\tex\generic\babel\babel.def"
File: babel.def 2008/07/08 v3.8m Babel common definitions
\babel@savecnt=\count87
\U@D=\dimen103
)
\l@austrian = a dialect from \language\l@german 
Package babel Info: Making " an active character on input line 102.
))
("C:\Program Files (x86)\MiKTeX 2.9\tex\latex\base\fontenc.sty"
Package: fontenc 2005/09/27 v1.99g Standard LaTeX package

("C:\Program Files (x86)\MiKTeX 2.9\tex\latex\base\t1enc.def"
File: t1enc.def 2005/09/27 v1.99g Standard LaTeX file
LaTeX Font Info:    Redeclaring font encoding T1 on input line 43.
))
("C:\Program Files (x86)\MiKTeX 2.9\tex\latex\base\inputenc.sty"
Package: inputenc 2008/03/30 v1.1d Input encoding file
\inpenc@prehook=\toks14
\inpenc@posthook=\toks15

("C:\Program Files (x86)\MiKTeX 2.9\tex\latex\base\latin1.def"
File: latin1.def 2008/03/30 v1.1d Input encoding file
))
(C:\Users\Nasser\AppData\Roaming\MiKTeX\2.9\tex\latex\preview\preview.sty
Package: preview 2010/02/14 11.88 (AUCTeX/preview-latex)

(C:\Users\Nasser\AppData\Roaming\MiKTeX\2.9\tex\latex\preview\prshowlabels.def)
)
\chaos=\box26
\tdim=\dimen104
\fives=\count88
\ones=\count89
\raster=\box27
 (c:\Users\Nasser\.emacs.d\elpa\auctex-11.88.8\circ.aux)
LaTeX Font Info:    Checking defaults for OML/cmm/m/it on input line 37.
LaTeX Font Info:    ... okay on input line 37.
LaTeX Font Info:    Checking defaults for T1/cmr/m/n on input line 37.
LaTeX Font Info:    ... okay on input line 37.
LaTeX Font Info:    Checking defaults for OT1/cmr/m/n on input line 37.
LaTeX Font Info:    ... okay on input line 37.
LaTeX Font Info:    Checking defaults for OMS/cmsy/m/n on input line 37.
LaTeX Font Info:    ... okay on input line 37.
LaTeX Font Info:    Checking defaults for OMX/cmex/m/n on input line 37.
LaTeX Font Info:    ... okay on input line 37.
LaTeX Font Info:    Checking defaults for U/cmr/m/n on input line 37.
LaTeX Font Info:    ... okay on input line 37.
LaTeX Font Info:    External font `cmex10' loaded for size
(Font)              <12> on input line 40.
LaTeX Font Info:    External font `cmex10' loaded for size
(Font)              <8> on input line 40.
LaTeX Font Info:    External font `cmex10' loaded for size
(Font)              <6> on input line 40.
LaTeX Font Info:    Try loading font information for T1+cmtt on input line 46.

("C:\Program Files (x86)\MiKTeX 2.9\tex\latex\base\t1cmtt.fd"
File: t1cmtt.fd 1999/05/25 v2.5h Standard LaTeX font definitions
)
LaTeX Font Info:    External font `cmex10' loaded for size
(Font)              <7> on input line 53.
LaTeX Font Info:    External font `cmex10' loaded for size
(Font)              <5> on input line 53.

Underfull \hbox (badness 1028) in paragraph at lines 54--56
\T1/cmr/m/n/10 heiÿt, ent-we-der durch-ge-hend stei-gend oder
 []

\x=\count90
\y=\count91
\d=\count92
\dx=\count93
\dy=\count94
[1{C:/Users/Nasser/AppData/Local/MiKTeX/2.9/pdftex/config/pdftex.map}


] [2]
\x=\count95
\y=\count96
\q=\count97

[3]
Underfull \vbox (badness 10000) has occurred while \output is active []

\x=\count98
\y=\count99
\q=\count100
\r=\count101
 [4]
[5

] (c:\Users\Nasser\.emacs.d\elpa\auctex-11.88.8\circ.aux) ) 
Here is how much of TeX's memory you used:
 992 strings out of 493921
 11785 string characters out of 3144874
 100806 words of memory out of 3000000
 4321 multiletter control sequences out of 15000+200000
 11605 words of font info for 31 fonts, out of 3000000 for 9000
 841 hyphenation exceptions out of 8191
 24i,7n,24p,214b,358s stack positions out of 5000i,500n,10000p,200000b,50000s
 <C:\Users\Nasser\Ap
pData\Local\MiKTeX\2.9\fonts\pk\ljfour\jknappen\ec\dpi600\ectt0900.pk> <C:\User
s\Nasser\AppData\Local\MiKTeX\2.9\fonts\pk\ljfour\jknappen\ec\dpi600\ectt1000.p
k> <C:\Users\Nasser\AppData\Local\MiKTeX\2.9\fonts\pk\ljfour\jknappen\ec\dpi600
\ecrm1000.pk> <C:\Users\Nasser\AppData\Local\MiKTeX\2.9\fonts\pk\ljfour\jknappe
n\ec\dpi600\ecbx1440.pk> <C:\Users\Nasser\AppData\Local\MiKTeX\2.9\fonts\pk\ljf
our\jknappen\ec\dpi600\ecrm1200.pk> <C:\Users\Nasser\AppData\Local\MiKTeX\2.9\f
onts\pk\ljfour\jknappen\ec\dpi600\ecrm1728.pk><C:/Program Files (x86)/MiKTeX 2.
9/fonts/type1/public/amsfonts/cm/cmex10.pfb><C:/Program Files (x86)/MiKTeX 2.9/
fonts/type1/public/amsfonts/cm/cmmi10.pfb><C:/Program Files (x86)/MiKTeX 2.9/fo
nts/type1/public/amsfonts/cm/cmmi7.pfb><C:/Program Files (x86)/MiKTeX 2.9/fonts
/type1/public/amsfonts/cm/cmr10.pfb><C:/Program Files (x86)/MiKTeX 2.9/fonts/ty
pe1/public/amsfonts/cm/cmr7.pfb><C:/Program Files (x86)/MiKTeX 2.9/fonts/type1/
public/amsfonts/cm/cmsy10.pfb><C:/Program Files (x86)/MiKTeX 2.9/fonts/type1/pu
blic/amsfonts/cm/cmsy7.pfb><C:/Program Files (x86)/MiKTeX 2.9/fonts/type1/publi
c/amsfonts/latxfont/lcircle1.pfb>
Output written on circ.pdf (5 pages, 152950 bytes).
PDF statistics:
 276 PDF objects out of 1000 (max. 8388607)
 0 named destinations out of 1000 (max. 500000)
 1 words of extra memory for PDF output out of 10000 (max. 10000000)

